This is pdfTeX, Version 3.14159265-2.6-1.40.16 (TeX Live 2015/Debian) (preloaded format=latex 2016.10.26)  6 NOV 2016 16:56
entering extended mode
 restricted \write18 enabled.
 %&-line parsing enabled.
**titlepage.tex
(./titlepage.tex
LaTeX2e <2016/02/01>
Babel <3.9q> and hyphenation patterns for 17 language(s) loaded.

! LaTeX Error: Environment titlepage undefined.

See the LaTeX manual or LaTeX Companion for explanation.
Type  H <return>  for immediate help.
 ...                                              
                                                  
l.2 \begin{titlepage}
                     
Your command was ignored.
Type  I <command> <return>  to replace it with another command,
or  <return>  to continue without it.


! LaTeX Error: Missing \begin{document}.

See the LaTeX manual or LaTeX Companion for explanation.
Type  H <return>  for immediate help.
 ...                                              
                                                  
l.10 \begin{center}
                    % Center remainder of the page
You're in trouble here.  Try typing  <return>  to proceed.
If that doesn't work, type  X <return>  to quit.


Overfull \hbox (20.0pt too wide) in paragraph at lines 10--10
[] 
 []

! Undefined control sequence.
<recently read> \LARGE 
                       
l.15 \textsc{\LARGE \reporttype}
                                \\[1.5cm]
The control sequence at the end of the top line
of your error message was never \def'ed. If you have
misspelled it (e.g., `\hobx'), type `I' and the correct
spelling (e.g., `I\hbox'). Otherwise just continue,
and I'll forget about whatever was undefined.

! Undefined control sequence.
<argument> \LARGE \reporttype 
                              
l.15 \textsc{\LARGE \reporttype}
                                \\[1.5cm]
The control sequence at the end of the top line
of your error message was never \def'ed. If you have
misspelled it (e.g., `\hobx'), type `I' and the correct
spelling (e.g., `I\hbox'). Otherwise just continue,
and I'll forget about whatever was undefined.

! Undefined control sequence.
<recently read> \Large 
                       
l.16 \textsc{\Large Imperial College London}
                                            \\[0.5cm]
The control sequence at the end of the top line
of your error message was never \def'ed. If you have
misspelled it (e.g., `\hobx'), type `I' and the correct
spelling (e.g., `I\hbox'). Otherwise just continue,
and I'll forget about whatever was undefined.


Overfull \hbox (42.98863pt too wide) in paragraph at lines 16--16
 []\OT1/cmr/m/sc/10 Imperial 
 []


Overfull \hbox (23.12761pt too wide) in paragraph at lines 16--16
 \OT1/cmr/m/sc/10 Col- 
 []


Overfull \hbox (22.69986pt too wide) in paragraph at lines 16--16
 \OT1/cmr/m/sc/10 lege 
 []


Overfull \hbox (23.09985pt too wide) in paragraph at lines 16--16
 \OT1/cmr/m/sc/10 Lon- 
 []


Overfull \hbox (18.73328pt too wide) in paragraph at lines 16--16
 \OT1/cmr/m/sc/10 don 
 []

! Undefined control sequence.
<recently read> \large 
                       
l.17 \textsc{\large Department of Computing}
                                            \\[0.5cm]
The control sequence at the end of the top line
of your error message was never \def'ed. If you have
misspelled it (e.g., `\hobx'), type `I' and the correct
spelling (e.g., `I\hbox'). Otherwise just continue,
and I'll forget about whatever was undefined.


Overfull \hbox (61.26906pt too wide) in paragraph at lines 17--17
 []\OT1/cmr/m/sc/10 Department 
 []


Overfull \hbox (11.71107pt too wide) in paragraph at lines 17--17
 \OT1/cmr/m/sc/10 of 
 []


Overfull \hbox (25.46094pt too wide) in paragraph at lines 17--17
 \OT1/cmr/m/sc/10 Com- 
 []


Overfull \hbox (21.39987pt too wide) in paragraph at lines 17--17
 \OT1/cmr/m/sc/10 put- 
 []


Overfull \hbox (15.56659pt too wide) in paragraph at lines 17--17
 \OT1/cmr/m/sc/10 ing 
 []

! Undefined control sequence.
l.23 { \huge
             \bfseries \reporttitle}\\ % Title of your document
The control sequence at the end of the top line
of your error message was never \def'ed. If you have
misspelled it (e.g., `\hobx'), type `I' and the correct
spelling (e.g., `I\hbox'). Otherwise just continue,
and I'll forget about whatever was undefined.

! Undefined control sequence.
l.23 { \huge \bfseries \reporttitle
                                   }\\ % Title of your document
The control sequence at the end of the top line
of your error message was never \def'ed. If you have
misspelled it (e.g., `\hobx'), type `I' and the correct
spelling (e.g., `I\hbox'). Otherwise just continue,
and I'll forget about whatever was undefined.


! LaTeX Error: There's no line here to end.

See the LaTeX manual or LaTeX Companion for explanation.
Type  H <return>  for immediate help.
 ...                                              
                                                  
l.23 { \huge \bfseries \reporttitle}\\
                                       % Title of your document
Your command was ignored.
Type  I <command> <return>  to replace it with another command,
or  <return>  to continue without it.


Overfull \hbox (20.0pt too wide) in paragraph at lines 31--31
[] 
 []

! Undefined control sequence.
l.31 \begin{flushleft} \large
                             
The control sequence at the end of the top line
of your error message was never \def'ed. If you have
misspelled it (e.g., `\hobx'), type `I' and the correct
spelling (e.g., `I\hbox'). Otherwise just continue,
and I'll forget about whatever was undefined.


Overfull \hbox (33.95393pt too wide) in paragraph at lines 32--32
\OT1/cmr/m/it/10 Author:  
 []

! Undefined control sequence.
<recently read> \reportauthor 
                              
l.33 \reportauthor
                  ~(CID: \cid) % Your name
The control sequence at the end of the top line
of your error message was never \def'ed. If you have
misspelled it (e.g., `\hobx'), type `I' and the correct
spelling (e.g., `I\hbox'). Otherwise just continue,
and I'll forget about whatever was undefined.

Missing character: There is no ( in font nullfont!
Missing character: There is no C in font nullfont!
Missing character: There is no I in font nullfont!
Missing character: There is no D in font nullfont!
Missing character: There is no : in font nullfont!
! Undefined control sequence.
l.33 \reportauthor~(CID: \cid
                             ) % Your name
The control sequence at the end of the top line
of your error message was never \def'ed. If you have
misspelled it (e.g., `\hobx'), type `I' and the correct
spelling (e.g., `I\hbox'). Otherwise just continue,
and I'll forget about whatever was undefined.

Missing character: There is no ) in font nullfont!
Missing character: There is no D in font nullfont!
Missing character: There is no a in font nullfont!
Missing character: There is no t in font nullfont!
Missing character: There is no e in font nullfont!
Missing character: There is no : in font nullfont!
! Undefined control sequence.
\@date ->\today 
                
l.37 Date: \@date
                 
The control sequence at the end of the top line
of your error message was never \def'ed. If you have
misspelled it (e.g., `\hobx'), type `I' and the correct
spelling (e.g., `I\hbox'). Otherwise just continue,
and I'll forget about whatever was undefined.


! LaTeX Error: \begin{document} ended by \end{titlepage}.

See the LaTeX manual or LaTeX Companion for explanation.
Type  H <return>  for immediate help.
 ...                                              
                                                  
l.46 \end{titlepage}
                    
Your command was ignored.
Type  I <command> <return>  to replace it with another command,
or  <return>  to continue without it.

)
! Emergency stop.
<*> titlepage.tex
                 
*** (job aborted, no legal \end found)

 
Here is how much of TeX's memory you used:
 20 strings out of 494354
 273 string characters out of 6170069
 50787 words of memory out of 5000000
 3434 multiletter control sequences out of 15000+600000
 4595 words of font info for 17 fonts, out of 8000000 for 9000
 452 hyphenation exceptions out of 8191
 13i,1n,10p,139b,125s stack positions out of 5000i,500n,10000p,200000b,80000s
No pages of output.
